<?xml version="1.0" encoding="UTF-8"?>
<!-- Generated by org.testng.reporters.JUnitReportReporter -->
<testsuite hostname="DESKTOP-E0D6D0U" failures="0" tests="1" name="pages.LoginTest" time="5.292" errors="0" timestamp="2024-06-05T20:35:16 IST" skipped="0">
  <testcase classname="pages.LoginTest" name="verifyPageTitleTest" time="5.292"/>
  <system-out/>
</testsuite> <!-- pages.LoginTest -->
