<?xml version="1.0" encoding="UTF-8"?>
<!-- Generated by org.testng.reporters.JUnitReportReporter -->
<testsuite hostname="DESKTOP-E0D6D0U" failures="0" tests="1" name="action.Login_Actions" time="4.870" errors="0" timestamp="2024-06-05T20:03:15 IST" skipped="0">
  <testcase classname="action.Login_Actions" name="getTitle" time="4.870"/>
  <system-out/>
</testsuite> <!-- action.Login_Actions -->
